<?xml version="1.0" encoding="UTF-8"?>
<testng-results ignored="0" total="2" passed="2" failed="0" skipped="0">
  <reporter-output>
  </reporter-output>
  <suite started-at="2025-02-15T11:02:48 IST" name="Default suite" finished-at="2025-02-15T11:03:26 IST" duration-ms="37599">
    <groups>
    </groups>
    <test started-at="2025-02-15T11:02:48 IST" name="Default test" finished-at="2025-02-15T11:03:26 IST" duration-ms="37599">
      <class name="TCases.Automation.dbquery">
        <test-method is-config="true" signature="setup()[pri:0, instance:TCases.Automation.dbquery@1de5f259]" started-at="2025-02-15T11:02:48 IST" name="setup" finished-at="2025-02-15T11:02:49 IST" duration-ms="1009" status="PASS">
          <reporter-output>
          </reporter-output>
        </test-method> <!-- setup -->
        <test-method signature="login()[pri:1, instance:TCases.Automation.dbquery@1de5f259]" started-at="2025-02-15T11:02:49 IST" name="login" finished-at="2025-02-15T11:03:04 IST" duration-ms="15254" status="PASS">
          <reporter-output>
          </reporter-output>
        </test-method> <!-- login -->
        <test-method signature="analyticsEngine()[pri:2, instance:TCases.Automation.dbquery@1de5f259]" started-at="2025-02-15T11:03:04 IST" name="analyticsEngine" finished-at="2025-02-15T11:03:26 IST" duration-ms="21151" status="PASS">
          <reporter-output>
          </reporter-output>
        </test-method> <!-- analyticsEngine -->
        <test-method is-config="true" signature="tearDown()[pri:0, instance:TCases.Automation.dbquery@1de5f259]" started-at="2025-02-15T11:03:26 IST" name="tearDown" finished-at="2025-02-15T11:03:26 IST" duration-ms="163" status="PASS">
          <reporter-output>
          </reporter-output>
        </test-method> <!-- tearDown -->
      </class> <!-- TCases.Automation.dbquery -->
    </test> <!-- Default test -->
  </suite> <!-- Default suite -->
</testng-results>
