<?xml version="1.0" encoding="UTF-8"?>
<testng-results ignored="0" total="1" passed="1" failed="0" skipped="0">
  <reporter-output>
  </reporter-output>
  <suite started-at="2025-02-27T16:20:40 IST" name="Default suite" finished-at="2025-02-27T16:20:53 IST" duration-ms="12621">
    <groups>
    </groups>
    <test started-at="2025-02-27T16:20:40 IST" name="Default test" finished-at="2025-02-27T16:20:53 IST" duration-ms="12621">
      <class name="TCases.Automation.ScaningPendingFIles">
        <test-method signature="testFiles()[pri:0, instance:TCases.Automation.ScaningPendingFIles@25fb8912]" started-at="2025-02-27T16:20:40 IST" name="testFiles" finished-at="2025-02-27T16:20:53 IST" duration-ms="12595" status="PASS">
          <reporter-output>
          </reporter-output>
        </test-method> <!-- testFiles -->
      </class> <!-- TCases.Automation.ScaningPendingFIles -->
    </test> <!-- Default test -->
  </suite> <!-- Default suite -->
</testng-results>
